<?xml version="1.0" encoding="UTF-8"?>
<!-- Generated by org.testng.reporters.JUnitReportReporter -->
<testsuite hostname="DESKTOP-5A7KV0R" failures="0" tests="7" name="api.tests.DDTests" time="11.974" errors="0" timestamp="2024-06-19T01:54:22 AEST" skipped="0">
  <testcase classname="api.tests.DDTests" name="createUserTest" time="1.334"/>
  <testcase classname="api.tests.DDTests" name="createUserTest" time="1.311"/>
  <testcase classname="api.tests.DDTests" name="createUserTest" time="1.173"/>
  <testcase classname="api.tests.DDTests" name="deleteUserTest" time="2.450"/>
  <testcase classname="api.tests.DDTests" name="deleteUserTest" time="2.830"/>
  <testcase classname="api.tests.DDTests" name="deleteUserTest" time="2.870"/>
  <testcase classname="api.tests.DDTests" name="skippedTest" time="0.006"/>
</testsuite> <!-- api.tests.DDTests -->
