<?xml version="1.0" encoding="UTF-8"?>
<!-- Generated by org.testng.reporters.JUnitReportReporter -->
<testsuite hostname="DESKTOP-5A7KV0R" failures="0" tests="3" name="api.tests.UserTest" time="11.009" errors="0" timestamp="2024-06-19T01:54:22 AEST" skipped="0">
  <testcase classname="api.tests.UserTest" name="createUserTest" time="4.627"/>
  <testcase classname="api.tests.UserTest" name="updateUserTest" time="3.901"/>
  <testcase classname="api.tests.UserTest" name="deleteUserTest" time="2.481"/>
</testsuite> <!-- api.tests.UserTest -->
